Arguments: 
  E:\p_installed\nodejs\node.exe C:\Users\pika\AppData\Roaming\npm\node_modules\yarn\bin\yarn.js add trtc-js-sdk

PATH: 
  C:\Users\pika\bin;E:\p_installed\Git\mingw64\bin;E:\p_installed\Git\usr\local\bin;E:\p_installed\Git\usr\bin;E:\p_installed\Git\usr\bin;E:\p_installed\Git\mingw64\bin;E:\p_installed\Git\usr\bin;C:\Users\pika\bin;C:\Program Files (x86)\Common Files\NetSarang;C:\Windows\system32;C:\Windows;C:\Windows\System32\Wbem;C:\Windows\System32\WindowsPowerShell\v1.0;C:\Windows\System32\OpenSSH;E:\p_installed\Git\cmd;E:\p_installed\ffmpeg\bin;E:\p_installed\nodejs;C:\Users\pika\.windows-build-tools\python27;C:\Users\pika\AppData\Local\Microsoft\WindowsApps;E:\p_installed\nvm;E:\p_installed\nodejs;E:\p_installed\vscode\bin;C:\Users\pika\AppData\Roaming\npm;E:\p_installed\Git\usr\bin\vendor_perl;E:\p_installed\Git\usr\bin\core_perl

Yarn version: 
  1.22.10

Node version: 
  12.20.0

Platform: 
  win32 x64

Trace: 
  Error: EPERM: operation not permitted, unlink 'F:\project\ofweek-live\node_modules\esbuild\esbuild.exe'

npm manifest: 
  {
    "version": "0.0.0",
    "scripts": {
      "dev": "vite --mode stag",
      "build-dev": "vite build --mode stag",
      "build-prod": "vite build --mode prod",
      "serve": "vite preview --mode prod"
    },
    "dependencies": {
      "element-plus": "^1.0.2-beta.48",
      "qs": "^6.10.1",
      "tim-js-sdk": "^2.11.0",
      "vue": "^3.0.5",
      "vue-router": "^4.0.8",
      "vuex": "^4.0.1",
      "whatwg-fetch": "^3.6.2"
    },
    "devDependencies": {
      "@vitejs/plugin-vue": "^1.2.3",
      "@vitejs/plugin-vue-jsx": "^1.1.5",
      "@vue/compiler-sfc": "^3.0.5",
      "vite": "^2.3.7"
    }
  }

yarn manifest: 
  No manifest

Lockfile: 
  # THIS IS AN AUTOGENERATED FILE. DO NOT EDIT THIS FILE DIRECTLY.
  # yarn lockfile v1
  
  
  "@babel/code-frame@^7.14.5":
    version "7.14.5"
    resolved "https://registry.nlark.com/@babel/code-frame/download/@babel/code-frame-7.14.5.tgz?cache=0&sync_timestamp=1623280394200&other_urls=https%3A%2F%2Fregistry.nlark.com%2F%40babel%2Fcode-frame%2Fdownload%2F%40babel%2Fcode-frame-7.14.5.tgz#23b08d740e83f49c5e59945fbf1b43e80bbf4edb"
    integrity sha1-I7CNdA6D9JxeWZRfvxtD6Au/Tts=
    dependencies:
      "@babel/highlight" "^7.14.5"
  
  "@babel/compat-data@^7.14.5":
    version "7.14.5"
    resolved "https://registry.nlark.com/@babel/compat-data/download/@babel/compat-data-7.14.5.tgz?cache=0&sync_timestamp=1623280503073&other_urls=https%3A%2F%2Fregistry.nlark.com%2F%40babel%2Fcompat-data%2Fdownload%2F%40babel%2Fcompat-data-7.14.5.tgz#8ef4c18e58e801c5c95d3c1c0f2874a2680fadea"
    integrity sha1-jvTBjljoAcXJXTwcDyh0omgPreo=
  
  "@babel/core@^7.12.10":
    version "7.14.6"
    resolved "https://registry.nlark.com/@babel/core/download/@babel/core-7.14.6.tgz#e0814ec1a950032ff16c13a2721de39a8416fcab"
    integrity sha1-4IFOwalQAy/xbBOich3jmoQW/Ks=
    dependencies:
      "@babel/code-frame" "^7.14.5"
      "@babel/generator" "^7.14.5"
      "@babel/helper-compilation-targets" "^7.14.5"
      "@babel/helper-module-transforms" "^7.14.5"
      "@babel/helpers" "^7.14.6"
      "@babel/parser" "^7.14.6"
      "@babel/template" "^7.14.5"
      "@babel/traverse" "^7.14.5"
      "@babel/types" "^7.14.5"
      convert-source-map "^1.7.0"
      debug "^4.1.0"
      gensync "^1.0.0-beta.2"
      json5 "^2.1.2"
      semver "^6.3.0"
      source-map "^0.5.0"
  
  "@babel/generator@^7.14.5":
    version "7.14.5"
    resolved "https://registry.nlark.com/@babel/generator/download/@babel/generator-7.14.5.tgz?cache=0&sync_timestamp=1623280360946&other_urls=https%3A%2F%2Fregistry.nlark.com%2F%40babel%2Fgenerator%2Fdownload%2F%40babel%2Fgenerator-7.14.5.tgz#848d7b9f031caca9d0cd0af01b063f226f52d785"
    integrity sha1-hI17nwMcrKnQzQrwGwY/Im9S14U=
    dependencies:
      "@babel/types" "^7.14.5"
      jsesc "^2.5.1"
      source-map "^0.5.0"
  
  "@babel/helper-annotate-as-pure@^7.14.5":
    version "7.14.5"
    resolved "https://registry.nlark.com/@babel/helper-annotate-as-pure/download/@babel/helper-annotate-as-pure-7.14.5.tgz?cache=0&sync_timestamp=1623280393672&other_urls=https%3A%2F%2Fregistry.nlark.com%2F%40babel%2Fhelper-annotate-as-pure%2Fdownload%2F%40babel%2Fhelper-annotate-as-pure-7.14.5.tgz#7bf478ec3b71726d56a8ca5775b046fc29879e61"
    integrity sha1-e/R47Dtxcm1WqMpXdbBG/CmHnmE=
    dependencies:
      "@babel/types" "^7.14.5"
  
  "@babel/helper-compilation-targets@^7.14.5":
    version "7.14.5"
    resolved "https://registry.nlark.com/@babel/helper-compilation-targets/download/@babel/helper-compilation-targets-7.14.5.tgz?cache=0&sync_timestamp=1623280393577&other_urls=https%3A%2F%2Fregistry.nlark.com%2F%40babel%2Fhelper-compilation-targets%2Fdownload%2F%40babel%2Fhelper-compilation-targets-7.14.5.tgz#7a99c5d0967911e972fe2c3411f7d5b498498ecf"
    integrity sha1-epnF0JZ5Eely/iw0EffVtJhJjs8=
    dependencies:
      "@babel/compat-data" "^7.14.5"
      "@babel/helper-validator-option" "^7.14.5"
      browserslist "^4.16.6"
      semver "^6.3.0"
  
  "@babel/helper-create-class-features-plugin@^7.14.6":
    version "7.14.6"
    resolved "https://registry.nlark.com/@babel/helper-create-class-features-plugin/download/@babel/helper-create-class-features-plugin-7.14.6.tgz?cache=0&sync_timestamp=1623708435318&other_urls=https%3A%2F%2Fregistry.nlark.com%2F%40babel%2Fhelper-create-class-features-plugin%2Fdownload%2F%40babel%2Fhelper-create-class-features-plugin-7.14.6.tgz#f114469b6c06f8b5c59c6c4e74621f5085362542"
    integrity sha1-8RRGm2wG+LXFnGxOdGIfUIU2JUI=
    dependencies:
      "@babel/helper-annotate-as-pure" "^7.14.5"
      "@babel/helper-function-name" "^7.14.5"
      "@babel/helper-member-expression-to-functions" "^7.14.5"
      "@babel/helper-optimise-call-expression" "^7.14.5"
      "@babel/helper-replace-supers" "^7.14.5"
      "@babel/helper-split-export-declaration" "^7.14.5"
  
  "@babel/helper-function-name@^7.14.5":
    version "7.14.5"
    resolved "https://registry.nlark.com/@babel/helper-function-name/download/@babel/helper-function-name-7.14.5.tgz?cache=0&sync_timestamp=1623280385237&other_urls=https%3A%2F%2Fregistry.nlark.com%2F%40babel%2Fhelper-function-name%2Fdownload%2F%40babel%2Fhelper-function-name-7.14.5.tgz#89e2c474972f15d8e233b52ee8c480e2cfcd50c4"
    integrity sha1-ieLEdJcvFdjiM7Uu6MSA4s/NUMQ=
    dependencies:
      "@babel/helper-get-function-arity" "^7.14.5"
      "@babel/template" "^7.14.5"
      "@babel/types" "^7.14.5"
  
  "@babel/helper-get-function-arity@^7.14.5":
    version "7.14.5"
    resolved "https://registry.nlark.com/@babel/helper-get-function-arity/download/@babel/helper-get-function-arity-7.14.5.tgz?cache=0&sync_timestamp=1623280360950&other_urls=https%3A%2F%2Fregistry.nlark.com%2F%40babel%2Fhelper-get-function-arity%2Fdownload%2F%40babel%2Fhelper-get-function-arity-7.14.5.tgz#25fbfa579b0937eee1f3b805ece4ce398c431815"
    integrity sha1-Jfv6V5sJN+7h87gF7OTOOYxDGBU=
    dependencies:
      "@babel/types" "^7.14.5"
  
  "@babel/helper-hoist-variables@^7.14.5":
    version "7.14.5"
    resolved "https://registry.nlark.com/@babel/helper-hoist-variables/download/@babel/helper-hoist-variables-7.14.5.tgz?cache=0&sync_timestamp=1623280361512&other_urls=https%3A%2F%2Fregistry.nlark.com%2F%40babel%2Fhelper-hoist-variables%2Fdownload%2F%40babel%2Fhelper-hoist-variables-7.14.5.tgz#e0dd27c33a78e577d7c8884916a3e7ef1f7c7f8d"
    integrity sha1-4N0nwzp45XfXyIhJFqPn7x98f40=
    dependencies:
      "@babel/types" "^7.14.5"
  
  "@babel/helper-member-expression-to-functions@^7.14.5":
    version "7.14.5"
    resolved "https://registry.nlark.com/@babel/helper-member-expression-to-functions/download/@babel/helper-member-expression-to-functions-7.14.5.tgz?cache=0&sync_timestamp=1623280360948&other_urls=https%3A%2F%2Fregistry.nlark.com%2F%40babel%2Fhelper-member-expression-to-functions%2Fdownload%2F%40babel%2Fhelper-member-expression-to-functions-7.14.5.tgz#d5c70e4ad13b402c95156c7a53568f504e2fb7b8"
    integrity sha1-1ccOStE7QCyVFWx6U1aPUE4vt7g=
    dependencies:
      "@babel/types" "^7.14.5"
  
  "@babel/helper-module-imports@^7.0.0", "@babel/helper-module-imports@^7.14.5":
    version "7.14.5"
    resolved "https://registry.nlark.com/@babel/helper-module-imports/download/@babel/helper-module-imports-7.14.5.tgz?cache=0&sync_timestamp=1623280362184&other_urls=https%3A%2F%2Fregistry.nlark.com%2F%40babel%2Fhelper-module-imports%2Fdownload%2F%40babel%2Fhelper-module-imports-7.14.5.tgz#6d1a44df6a38c957aa7c312da076429f11b422f3"
    integrity sha1-bRpE32o4yVeqfDEtoHZCnxG0IvM=
    dependencies:
      "@babel/types" "^7.14.5"
  
  "@babel/helper-module-transforms@^7.14.5":
    version "7.14.5"
    resolved "https://registry.nlark.com/@babel/helper-module-transforms/download/@babel/helper-module-transforms-7.14.5.tgz?cache=0&sync_timestamp=1623280681627&other_urls=https%3A%2F%2Fregistry.nlark.com%2F%40babel%2Fhelper-module-transforms%2Fdownload%2F%40babel%2Fhelper-module-transforms-7.14.5.tgz#7de42f10d789b423eb902ebd24031ca77cb1e10e"
    integrity sha1-feQvENeJtCPrkC69JAMcp3yx4Q4=
    dependencies:
      "@babel/helper-module-imports" "^7.14.5"
      "@babel/helper-replace-supers" "^7.14.5"
      "@babel/helper-simple-access" "^7.14.5"
      "@babel/helper-split-export-declaration" "^7.14.5"
      "@babel/helper-validator-identifier" "^7.14.5"
      "@babel/template" "^7.14.5"
      "@babel/traverse" "^7.14.5"
      "@babel/types" "^7.14.5"
  
  "@babel/helper-optimise-call-expression@^7.14.5":
    version "7.14.5"
    resolved "https://registry.nlark.com/@babel/helper-optimise-call-expression/download/@babel/helper-optimise-call-expression-7.14.5.tgz?cache=0&sync_timestamp=1623280360981&other_urls=https%3A%2F%2Fregistry.nlark.com%2F%40babel%2Fhelper-optimise-call-expression%2Fdownload%2F%40babel%2Fhelper-optimise-call-expression-7.14.5.tgz#f27395a8619e0665b3f0364cddb41c25d71b499c"
    integrity sha1-8nOVqGGeBmWz8DZM3bQcJdcbSZw=
    dependencies:
      "@babel/types" "^7.14.5"
  
  "@babel/helper-plugin-utils@^7.10.4", "@babel/helper-plugin-utils@^7.14.5":
    version "7.14.5"
    resolved "https://registry.nlark.com/@babel/helper-plugin-utils/download/@babel/helper-plugin-utils-7.14.5.tgz#5ac822ce97eec46741ab70a517971e443a70c5a9"
    integrity sha1-WsgizpfuxGdBq3ClF5ceRDpwxak=
  
  "@babel/helper-replace-supers@^7.14.5":
    version "7.14.5"
    resolved "https://registry.nlark.com/@babel/helper-replace-supers/download/@babel/helper-replace-supers-7.14.5.tgz?cache=0&sync_timestamp=1623280689842&other_urls=https%3A%2F%2Fregistry.nlark.com%2F%40babel%2Fhelper-replace-supers%2Fdownload%2F%40babel%2Fhelper-replace-supers-7.14.5.tgz#0ecc0b03c41cd567b4024ea016134c28414abb94"
    integrity sha1-DswLA8Qc1We0Ak6gFhNMKEFKu5Q=
    dependencies:
      "@babel/helper-member-expression-to-functions" "^7.14.5"
      "@babel/helper-optimise-call-expression" "^7.14.5"
      "@babel/traverse" "^7.14.5"
      "@babel/types" "^7.14.5"
  
  "@babel/helper-simple-access@^7.14.5":
    version "7.14.5"
    resolved "https://registry.nlark.com/@babel/helper-simple-access/download/@babel/helper-simple-access-7.14.5.tgz?cache=0&sync_timestamp=1623280360968&other_urls=https%3A%2F%2Fregistry.nlark.com%2F%40babel%2Fhelper-simple-access%2Fdownload%2F%40babel%2Fhelper-simple-access-7.14.5.tgz#66ea85cf53ba0b4e588ba77fc813f53abcaa41c4"
    integrity sha1-ZuqFz1O6C05Yi6d/yBP1OryqQcQ=
    dependencies:
      "@babel/types" "^7.14.5"
  
  "@babel/helper-split-export-declaration@^7.14.5":
    version "7.14.5"
    resolved "https://registry.nlark.com/@babel/helper-split-export-declaration/download/@babel/helper-split-export-declaration-7.14.5.tgz?cache=0&sync_timestamp=1623280365934&other_urls=https%3A%2F%2Fregistry.nlark.com%2F%40babel%2Fhelper-split-export-declaration%2Fdownload%2F%40babel%2Fhelper-split-export-declaration-7.14.5.tgz#22b23a54ef51c2b7605d851930c1976dd0bc693a"
    integrity sha1-IrI6VO9RwrdgXYUZMMGXbdC8aTo=
    dependencies:
      "@babel/types" "^7.14.5"
  
  "@babel/helper-validator-identifier@^7.14.5":
    version "7.14.5"
    resolved "https://registry.nlark.com/@babel/helper-validator-identifier/download/@babel/helper-validator-identifier-7.14.5.tgz?cache=0&sync_timestamp=1623280293264&other_urls=https%3A%2F%2Fregistry.nlark.com%2F%40babel%2Fhelper-validator-identifier%2Fdownload%2F%40babel%2Fhelper-validator-identifier-7.14.5.tgz#d0f0e277c512e0c938277faa85a3968c9a44c0e8"
    integrity sha1-0PDid8US4Mk4J3+qhaOWjJpEwOg=
  
  "@babel/helper-validator-option@^7.14.5":
    version "7.14.5"
    resolved "https://registry.nlark.com/@babel/helper-validator-option/download/@babel/helper-validator-option-7.14.5.tgz#6e72a1fff18d5dfcb878e1e62f1a021c4b72d5a3"
    integrity sha1-bnKh//GNXfy4eOHmLxoCHEty1aM=
  
  "@babel/helpers@^7.14.6":
    version "7.14.6"
    resolved "https://registry.nlark.com/@babel/helpers/download/@babel/helpers-7.14.6.tgz?cache=0&sync_timestamp=1623708432558&other_urls=https%3A%2F%2Fregistry.nlark.com%2F%40babel%2Fhelpers%2Fdownload%2F%40babel%2Fhelpers-7.14.6.tgz#5b58306b95f1b47e2a0199434fa8658fa6c21635"
    integrity sha1-W1gwa5XxtH4qAZlDT6hlj6bCFjU=
    dependencies:
      "@babel/template" "^7.14.5"
      "@babel/traverse" "^7.14.5"
      "@babel/types" "^7.14.5"
  
  "@babel/highlight@^7.14.5":
    version "7.14.5"
    resolved "https://registry.nlark.com/@babel/highlight/download/@babel/highlight-7.14.5.tgz?cache=0&sync_timestamp=1623280393681&other_urls=https%3A%2F%2Fregistry.nlark.com%2F%40babel%2Fhighlight%2Fdownload%2F%40babel%2Fhighlight-7.14.5.tgz#6861a52f03966405001f6aa534a01a24d99e8cd9"
    integrity sha1-aGGlLwOWZAUAH2qlNKAaJNmejNk=
    dependencies:
      "@babel/helper-validator-identifier" "^7.14.5"
      chalk "^2.0.0"
      js-tokens "^4.0.0"
  
  "@babel/parser@^7.12.0", "@babel/parser@^7.13.9", "@babel/parser@^7.14.5", "@babel/parser@^7.14.6":
    version "7.14.6"
    resolved "https://registry.nlark.com/@babel/parser/download/@babel/parser-7.14.6.tgz#d85cc68ca3cac84eae384c06f032921f5227f4b2"
    integrity sha1-2FzGjKPKyE6uOEwG8DKSH1In9LI=
  
  "@babel/plugin-syntax-import-meta@^7.10.4":
    version "7.10.4"
    resolved "https://registry.nlark.com/@babel/plugin-syntax-import-meta/download/@babel/plugin-syntax-import-meta-7.10.4.tgz#ee601348c370fa334d2207be158777496521fd51"
    integrity sha1-7mATSMNw+jNNIge+FYd3SWUh/VE=
    dependencies:
      "@babel/helper-plugin-utils" "^7.10.4"
  
  "@babel/plugin-syntax-jsx@^7.0.0":
    version "7.14.5"
    resolved "https://registry.nlark.com/@babel/plugin-syntax-jsx/download/@babel/plugin-syntax-jsx-7.14.5.tgz#000e2e25d8673cce49300517a3eda44c263e4201"
    integrity sha1-AA4uJdhnPM5JMAUXo+2kTCY+QgE=
    dependencies:
      "@babel/helper-plugin-utils" "^7.14.5"
  
  "@babel/plugin-syntax-typescript@^7.14.5":
    version "7.14.5"
    resolved "https://registry.nlark.com/@babel/plugin-syntax-typescript/download/@babel/plugin-syntax-typescript-7.14.5.tgz#b82c6ce471b165b5ce420cf92914d6fb46225716"
    integrity sha1-uCxs5HGxZbXOQgz5KRTW+0YiVxY=
    dependencies:
      "@babel/helper-plugin-utils" "^7.14.5"
  
  "@babel/plugin-transform-typescript@^7.12.1":
    version "7.14.6"
    resolved "https://registry.nlark.com/@babel/plugin-transform-typescript/download/@babel/plugin-transform-typescript-7.14.6.tgz?cache=0&sync_timestamp=1623708810675&other_urls=https%3A%2F%2Fregistry.nlark.com%2F%40babel%2Fplugin-transform-typescript%2Fdownload%2F%40babel%2Fplugin-transform-typescript-7.14.6.tgz#6e9c2d98da2507ebe0a883b100cde3c7279df36c"
    integrity sha1-bpwtmNolB+vgqIOxAM3jxyed82w=
    dependencies:
      "@babel/helper-create-class-features-plugin" "^7.14.6"
      "@babel/helper-plugin-utils" "^7.14.5"
      "@babel/plugin-syntax-typescript" "^7.14.5"
  
  "@babel/template@^7.0.0", "@babel/template@^7.14.5":
    version "7.14.5"
    resolved "https://registry.nlark.com/@babel/template/download/@babel/template-7.14.5.tgz?cache=0&sync_timestamp=1623280386138&other_urls=https%3A%2F%2Fregistry.nlark.com%2F%40babel%2Ftemplate%2Fdownload%2F%40babel%2Ftemplate-7.14.5.tgz#a9bc9d8b33354ff6e55a9c60d1109200a68974f4"
    integrity sha1-qbydizM1T/blWpxg0RCSAKaJdPQ=
    dependencies:
      "@babel/code-frame" "^7.14.5"
      "@babel/parser" "^7.14.5"
      "@babel/types" "^7.14.5"
  
  "@babel/traverse@^7.0.0", "@babel/traverse@^7.14.5":
    version "7.14.5"
    resolved "https://registry.nlark.com/@babel/traverse/download/@babel/traverse-7.14.5.tgz#c111b0f58afab4fea3d3385a406f692748c59870"
    integrity sha1-wRGw9Yr6tP6j0zhaQG9pJ0jFmHA=
    dependencies:
      "@babel/code-frame" "^7.14.5"
      "@babel/generator" "^7.14.5"
      "@babel/helper-function-name" "^7.14.5"
      "@babel/helper-hoist-variables" "^7.14.5"
      "@babel/helper-split-export-declaration" "^7.14.5"
      "@babel/parser" "^7.14.5"
      "@babel/types" "^7.14.5"
      debug "^4.1.0"
      globals "^11.1.0"
  
  "@babel/types@^7.0.0", "@babel/types@^7.12.0", "@babel/types@^7.13.0", "@babel/types@^7.14.5":
    version "7.14.5"
    resolved "https://registry.nlark.com/@babel/types/download/@babel/types-7.14.5.tgz?cache=0&sync_timestamp=1623280355970&other_urls=https%3A%2F%2Fregistry.nlark.com%2F%40babel%2Ftypes%2Fdownload%2F%40babel%2Ftypes-7.14.5.tgz#3bb997ba829a2104cedb20689c4a5b8121d383ff"
    integrity sha1-O7mXuoKaIQTO2yBonEpbgSHTg/8=
    dependencies:
      "@babel/helper-validator-identifier" "^7.14.5"
      to-fast-properties "^2.0.0"
  
  "@popperjs/core@^2.4.4":
    version "2.9.2"
    resolved "https://registry.npm.taobao.org/@popperjs/core/download/@popperjs/core-2.9.2.tgz?cache=0&sync_timestamp=1617290098226&other_urls=https%3A%2F%2Fregistry.npm.taobao.org%2F%40popperjs%2Fcore%2Fdownload%2F%40popperjs%2Fcore-2.9.2.tgz#adea7b6953cbb34651766b0548468e743c6a2353"
    integrity sha1-rep7aVPLs0ZRdmsFSEaOdDxqI1M=
  
  "@rollup/pluginutils@^4.1.0":
    version "4.1.0"
    resolved "https://registry.npm.taobao.org/@rollup/pluginutils/download/@rollup/pluginutils-4.1.0.tgz?cache=0&sync_timestamp=1603767889260&other_urls=https%3A%2F%2Fregistry.npm.taobao.org%2F%40rollup%2Fpluginutils%2Fdownload%2F%40rollup%2Fpluginutils-4.1.0.tgz#0dcc61c780e39257554feb7f77207dceca13c838"
    integrity sha1-Dcxhx4DjkldVT+t/dyB9zsoTyDg=
    dependencies:
      estree-walker "^2.0.1"
      picomatch "^2.2.2"
  
  "@types/lodash@^4.14.161":
    version "4.14.170"
    resolved "https://registry.nlark.com/@types/lodash/download/@types/lodash-4.14.170.tgz#0d67711d4bf7f4ca5147e9091b847479b87925d6"
    integrity sha1-DWdxHUv39MpRR+kJG4R0ebh5JdY=
  
  "@vitejs/plugin-vue-jsx@^1.1.5":
    version "1.1.5"
    resolved "https://registry.nlark.com/@vitejs/plugin-vue-jsx/download/@vitejs/plugin-vue-jsx-1.1.5.tgz#e856ef42f59048e59c85f8714dc8397e15f81738"
    integrity sha1-6FbvQvWQSOWchfhxTcg5fhX4Fzg=
    dependencies:
      "@babel/core" "^7.12.10"
      "@babel/plugin-syntax-import-meta" "^7.10.4"
      "@babel/plugin-transform-typescript" "^7.12.1"
      "@rollup/pluginutils" "^4.1.0"
      "@vue/babel-plugin-jsx" "^1.0.3"
      hash-sum "^2.0.0"
  
  "@vitejs/plugin-vue@^1.2.3":
    version "1.2.3"
    resolved "https://registry.nlark.com/@vitejs/plugin-vue/download/@vitejs/plugin-vue-1.2.3.tgz#2e8e008b1cc3a6ad1dfbec75743c7ffd9b4872a6"
    integrity sha1-Lo4AixzDpq0d++x1dDx//ZtIcqY=
  
  "@vue/babel-helper-vue-transform-on@^1.0.2":
    version "1.0.2"
    resolved "https://registry.nlark.com/@vue/babel-helper-vue-transform-on/download/@vue/babel-helper-vue-transform-on-1.0.2.tgz#9b9c691cd06fc855221a2475c3cc831d774bc7dc"
    integrity sha1-m5xpHNBvyFUiGiR1w8yDHXdLx9w=
  
  "@vue/babel-plugin-jsx@^1.0.3":
    version "1.0.6"
    resolved "https://registry.nlark.com/@vue/babel-plugin-jsx/download/@vue/babel-plugin-jsx-1.0.6.tgz?cache=0&sync_timestamp=1619929844730&other_urls=https%3A%2F%2Fregistry.nlark.com%2F%40vue%2Fbabel-plugin-jsx%2Fdownload%2F%40vue%2Fbabel-plugin-jsx-1.0.6.tgz#184bf3541ab6efdbe5079ab8b20c19e2af100bfb"
    integrity sha1-GEvzVBq279vlB5q4sgwZ4q8QC/s=
    dependencies:
      "@babel/helper-module-imports" "^7.0.0"
      "@babel/plugin-syntax-jsx" "^7.0.0"
      "@babel/template" "^7.0.0"
      "@babel/traverse" "^7.0.0"
      "@babel/types" "^7.0.0"
      "@vue/babel-helper-vue-transform-on" "^1.0.2"
      camelcase "^6.0.0"
      html-tags "^3.1.0"
      svg-tags "^1.0.0"
  
  "@vue/compiler-core@3.1.1":
    version "3.1.1"
    resolved "https://registry.nlark.com/@vue/compiler-core/download/@vue/compiler-core-3.1.1.tgz#4f2c5d70eabd454675714cc8bd2b97f6a8efb196"
    integrity sha1-TyxdcOq9RUZ1cUzIvSuX9qjvsZY=
    dependencies:
      "@babel/parser" "^7.12.0"
      "@babel/types" "^7.12.0"
      "@vue/shared" "3.1.1"
      estree-walker "^2.0.1"
      source-map "^0.6.1"
  
  "@vue/compiler-dom@3.1.1":
    version "3.1.1"
    resolved "https://registry.nlark.com/@vue/compiler-dom/download/@vue/compiler-dom-3.1.1.tgz#ef60d856ac2ede5b2ad5c72a7a68122895e3d652"
    integrity sha1-72DYVqwu3lsq1ccqemgSKJXj1lI=
    dependencies:
      "@vue/compiler-core" "3.1.1"
      "@vue/shared" "3.1.1"
  
  "@vue/compiler-sfc@^3.0.5":
    version "3.1.1"
    resolved "https://registry.nlark.com/@vue/compiler-sfc/download/@vue/compiler-sfc-3.1.1.tgz?cache=0&sync_timestamp=1623098644265&other_urls=https%3A%2F%2Fregistry.nlark.com%2F%40vue%2Fcompiler-sfc%2Fdownload%2F%40vue%2Fcompiler-sfc-3.1.1.tgz#d4e4507c013d0b219f0b106b317ec5bb1cde3398"
    integrity sha1-1ORQfAE9CyGfCxBrMX7FuxzeM5g=
    dependencies:
      "@babel/parser" "^7.13.9"
      "@babel/types" "^7.13.0"
      "@vue/compiler-core" "3.1.1"
      "@vue/compiler-dom" "3.1.1"
      "@vue/compiler-ssr" "3.1.1"
      "@vue/shared" "3.1.1"
      consolidate "^0.16.0"
      estree-walker "^2.0.1"
      hash-sum "^2.0.0"
      lru-cache "^5.1.1"
      magic-string "^0.25.7"
      merge-source-map "^1.1.0"
      postcss "^8.1.10"
      postcss-modules "^4.0.0"
      postcss-selector-parser "^6.0.4"
      source-map "^0.6.1"
  
  "@vue/compiler-ssr@3.1.1":
    version "3.1.1"
    resolved "https://registry.nlark.com/@vue/compiler-ssr/download/@vue/compiler-ssr-3.1.1.tgz#1d08b98601397258ed059b75966e0e94a385d770"
    integrity sha1-HQi5hgE5cljtBZt1lm4OlKOF13A=
    dependencies:
      "@vue/compiler-dom" "3.1.1"
      "@vue/shared" "3.1.1"
  
  "@vue/devtools-api@^6.0.0-beta.10", "@vue/devtools-api@^6.0.0-beta.11":
    version "6.0.0-beta.14"
    resolved "https://registry.nlark.com/@vue/devtools-api/download/@vue/devtools-api-6.0.0-beta.14.tgz#6ed2d6f8d66a9256c9ad04bfff08309ba87b9723"
    integrity sha1-btLW+NZqklbJrQS//wgwm6h7lyM=
  
  "@vue/reactivity@3.1.1":
    version "3.1.1"
    resolved "https://registry.nlark.com/@vue/reactivity/download/@vue/reactivity-3.1.1.tgz#9c02fd146a6c3b03e7d658b7cf76f4b69b0f98c8"
    integrity sha1-nAL9FGpsOwPn1li3z3b0tpsPmMg=
    dependencies:
      "@vue/shared" "3.1.1"
  
  "@vue/runtime-core@3.1.1":
    version "3.1.1"
    resolved "https://registry.nlark.com/@vue/runtime-core/download/@vue/runtime-core-3.1.1.tgz#542110c09a643d7d80646a2f071aff6b324c4158"
    integrity sha1-VCEQwJpkPX2AZGovBxr/azJMQVg=
    dependencies:
      "@vue/reactivity" "3.1.1"
      "@vue/shared" "3.1.1"
  
  "@vue/runtime-dom@3.1.1":
    version "3.1.1"
    resolved "https://registry.nlark.com/@vue/runtime-dom/download/@vue/runtime-dom-3.1.1.tgz#5539bbce132d29f6445b4964cb7b4164a89a5ce6"
    integrity sha1-VTm7zhMtKfZEW0lky3tBZKiaXOY=
    dependencies:
      "@vue/runtime-core" "3.1.1"
      "@vue/shared" "3.1.1"
      csstype "^2.6.8"
  
  "@vue/shared@3.1.1":
    version "3.1.1"
    resolved "https://registry.nlark.com/@vue/shared/download/@vue/shared-3.1.1.tgz#2287cfc3dc20e5b20aeb65c2c3a56533bdca801c"
    integrity sha1-IofPw9wg5bIK62XCw6VlM73KgBw=
  
  ansi-styles@^3.2.1:
    version "3.2.1"
    resolved "https://registry.nlark.com/ansi-styles/download/ansi-styles-3.2.1.tgz#41fbb20243e50b12be0f04b8dedbf07520ce841d"
    integrity sha1-QfuyAkPlCxK+DwS43tvwdSDOhB0=
    dependencies:
      color-convert "^1.9.0"
  
  async-validator@^3.4.0:
    version "3.5.2"
    resolved "https://registry.nlark.com/async-validator/download/async-validator-3.5.2.tgz#68e866a96824e8b2694ff7a831c1a25c44d5e500"
    integrity sha1-aOhmqWgk6LJpT/eoMcGiXETV5QA=
  
  big.js@^5.2.2:
    version "5.2.2"
    resolved "https://registry.nlark.com/big.js/download/big.js-5.2.2.tgz#65f0af382f578bcdc742bd9c281e9cb2d7768328"
    integrity sha1-ZfCvOC9Xi83HQr2cKB6cstd2gyg=
  
  bluebird@^3.7.2:
    version "3.7.2"
    resolved "https://registry.nlark.com/bluebird/download/bluebird-3.7.2.tgz?cache=0&sync_timestamp=1618847007562&other_urls=https%3A%2F%2Fregistry.nlark.com%2Fbluebird%2Fdownload%2Fbluebird-3.7.2.tgz#9f229c15be272454ffa973ace0dbee79a1b0c36f"
    integrity sha1-nyKcFb4nJFT/qXOs4NvueaGww28=
  
  browserslist@^4.16.6:
    version "4.16.6"
    resolved "https://registry.nlark.com/browserslist/download/browserslist-4.16.6.tgz?cache=0&sync_timestamp=1619789101558&other_urls=https%3A%2F%2Fregistry.nlark.com%2Fbrowserslist%2Fdownload%2Fbrowserslist-4.16.6.tgz#d7901277a5a88e554ed305b183ec9b0c08f66fa2"
    integrity sha1-15ASd6WojlVO0wWxg+ybDAj2b6I=
    dependencies:
      caniuse-lite "^1.0.30001219"
      colorette "^1.2.2"
      electron-to-chromium "^1.3.723"
      escalade "^3.1.1"
      node-releases "^1.1.71"
  
  call-bind@^1.0.0:
    version "1.0.2"
    resolved "https://registry.nlark.com/call-bind/download/call-bind-1.0.2.tgz#b1d4e89e688119c3c9a903ad30abb2f6a919be3c"
    integrity sha1-sdTonmiBGcPJqQOtMKuy9qkZvjw=
    dependencies:
      function-bind "^1.1.1"
      get-intrinsic "^1.0.2"
  
  camelcase@^6.0.0:
    version "6.2.0"
    resolved "https://registry.nlark.com/camelcase/download/camelcase-6.2.0.tgz#924af881c9d525ac9d87f40d964e5cea982a1809"
    integrity sha1-kkr4gcnVJaydh/QNlk5c6pgqGAk=
  
  caniuse-lite@^1.0.30001219:
    version "1.0.30001237"
    resolved "https://registry.nlark.com/caniuse-lite/download/caniuse-lite-1.0.30001237.tgz#4b7783661515b8e7151fc6376cfd97f0e427b9e5"
    integrity sha1-S3eDZhUVuOcVH8Y3bP2X8OQnueU=
  
  chalk@^2.0.0:
    version "2.4.2"
    resolved "https://registry.nlark.com/chalk/download/chalk-2.4.2.tgz?cache=0&sync_timestamp=1618995367379&other_urls=https%3A%2F%2Fregistry.nlark.com%2Fchalk%2Fdownload%2Fchalk-2.4.2.tgz#cd42541677a54333cf541a49108c1432b44c9424"
    integrity sha1-zUJUFnelQzPPVBpJEIwUMrRMlCQ=
    dependencies:
      ansi-styles "^3.2.1"
      escape-string-regexp "^1.0.5"
      supports-color "^5.3.0"
  
  color-convert@^1.9.0:
    version "1.9.3"
    resolved "https://registry.npm.taobao.org/color-convert/download/color-convert-1.9.3.tgz#bb71850690e1f136567de629d2d5471deda4c1e8"
    integrity sha1-u3GFBpDh8TZWfeYp0tVHHe2kweg=
    dependencies:
      color-name "1.1.3"
  
  color-name@1.1.3:
    version "1.1.3"
    resolved "https://registry.nlark.com/color-name/download/color-name-1.1.3.tgz#a7d0558bd89c42f795dd42328f740831ca53bc25"
    integrity sha1-p9BVi9icQveV3UIyj3QIMcpTvCU=
  
  colorette@^1.2.2:
    version "1.2.2"
    resolved "https://registry.nlark.com/colorette/download/colorette-1.2.2.tgz#cbcc79d5e99caea2dbf10eb3a26fd8b3e6acfa94"
    integrity sha1-y8x51emcrqLb8Q6zom/Ys+as+pQ=
  
  consolidate@^0.16.0:
    version "0.16.0"
    resolved "https://registry.npm.taobao.org/consolidate/download/consolidate-0.16.0.tgz#a11864768930f2f19431660a65906668f5fbdc16"
    integrity sha1-oRhkdokw8vGUMWYKZZBmaPX73BY=
    dependencies:
      bluebird "^3.7.2"
  
  convert-source-map@^1.7.0:
    version "1.7.0"
    resolved "https://registry.npm.taobao.org/convert-source-map/download/convert-source-map-1.7.0.tgz#17a2cb882d7f77d3490585e2ce6c524424a3a442"
    integrity sha1-F6LLiC1/d9NJBYXizmxSRCSjpEI=
    dependencies:
      safe-buffer "~5.1.1"
  
  cssesc@^3.0.0:
    version "3.0.0"
    resolved "https://registry.npm.taobao.org/cssesc/download/cssesc-3.0.0.tgz#37741919903b868565e1c09ea747445cd18983ee"
    integrity sha1-N3QZGZA7hoVl4cCep0dEXNGJg+4=
  
  csstype@^2.6.8:
    version "2.6.17"
    resolved "https://registry.nlark.com/csstype/download/csstype-2.6.17.tgz?cache=0&sync_timestamp=1618818466657&other_urls=https%3A%2F%2Fregistry.nlark.com%2Fcsstype%2Fdownload%2Fcsstype-2.6.17.tgz#4cf30eb87e1d1a005d8b6510f95292413f6a1c0e"
    integrity sha1-TPMOuH4dGgBdi2UQ+VKSQT9qHA4=
  
  dayjs@1.x:
    version "1.10.5"
    resolved "https://registry.nlark.com/dayjs/download/dayjs-1.10.5.tgz?cache=0&sync_timestamp=1622012259636&other_urls=https%3A%2F%2Fregistry.nlark.com%2Fdayjs%2Fdownload%2Fdayjs-1.10.5.tgz#5600df4548fc2453b3f163ebb2abbe965ccfb986"
    integrity sha1-VgDfRUj8JFOz8WPrsqu+llzPuYY=
  
  debug@^4.1.0:
    version "4.3.1"
    resolved "https://registry.nlark.com/debug/download/debug-4.3.1.tgz#f0d229c505e0c6d8c49ac553d1b13dc183f6b2ee"
    integrity sha1-8NIpxQXgxtjEmsVT0bE9wYP2su4=
    dependencies:
      ms "2.1.2"
  
  electron-to-chromium@^1.3.723:
    version "1.3.752"
    resolved "https://registry.nlark.com/electron-to-chromium/download/electron-to-chromium-1.3.752.tgz?cache=0&sync_timestamp=1623290610685&other_urls=https%3A%2F%2Fregistry.nlark.com%2Felectron-to-chromium%2Fdownload%2Felectron-to-chromium-1.3.752.tgz#0728587f1b9b970ec9ffad932496429aef750d09"
    integrity sha1-ByhYfxublw7J/62TJJZCmu91DQk=
  
  element-plus@^1.0.2-beta.48:
    version "1.0.2-beta.48"
    resolved "https://registry.nlark.com/element-plus/download/element-plus-1.0.2-beta.48.tgz#8da99decd397b9975cd894d389096d2ed58c699e"
    integrity sha1-jamd7NOXuZdc2JTTiQltLtWMaZ4=
    dependencies:
      "@popperjs/core" "^2.4.4"
      "@types/lodash" "^4.14.161"
      async-validator "^3.4.0"
      dayjs "1.x"
      lodash "^4.17.20"
      mitt "^2.1.0"
      normalize-wheel "^1.0.1"
      resize-observer-polyfill "^1.5.1"
  
  emojis-list@^3.0.0:
    version "3.0.0"
    resolved "https://registry.npm.taobao.org/emojis-list/download/emojis-list-3.0.0.tgz#5570662046ad29e2e916e71aae260abdff4f6a78"
    integrity sha1-VXBmIEatKeLpFucariYKvf9Pang=
  
  esbuild@^0.12.5:
    version "0.12.8"
    resolved "https://registry.nlark.com/esbuild/download/esbuild-0.12.8.tgz?cache=0&sync_timestamp=1623226518413&other_urls=https%3A%2F%2Fregistry.nlark.com%2Fesbuild%2Fdownload%2Fesbuild-0.12.8.tgz#ac90da77cb3bfbf49ab815200bcef7ffe1a3348f"
    integrity sha1-rJDad8s7+/SauBUgC873/+GjNI8=
  
  escalade@^3.1.1:
    version "3.1.1"
    resolved "https://registry.nlark.com/escalade/download/escalade-3.1.1.tgz#d8cfdc7000965c5a0174b4a82eaa5c0552742e40"
    integrity sha1-2M/ccACWXFoBdLSoLqpcBVJ0LkA=
  
  escape-string-regexp@^1.0.5:
    version "1.0.5"
    resolved "https://registry.nlark.com/escape-string-regexp/download/escape-string-regexp-1.0.5.tgz#1b61c0562190a8dff6ae3bb2cf0200ca130b86d4"
    integrity sha1-G2HAViGQqN/2rjuyzwIAyhMLhtQ=
  
  estree-walker@^2.0.1:
    version "2.0.2"
    resolved "https://registry.npm.taobao.org/estree-walker/download/estree-walker-2.0.2.tgz?cache=0&sync_timestamp=1611956983677&other_urls=https%3A%2F%2Fregistry.npm.taobao.org%2Festree-walker%2Fdownload%2Festree-walker-2.0.2.tgz#52f010178c2a4c117a7757cfe942adb7d2da4cac"
    integrity sha1-UvAQF4wqTBF6d1fP6UKtt9LaTKw=
  
  fsevents@~2.3.1:
    version "2.3.2"
    resolved "https://registry.npm.taobao.org/fsevents/download/fsevents-2.3.2.tgz#8a526f78b8fdf4623b709e0b975c52c24c02fd1a"
    integrity sha1-ilJveLj99GI7cJ4Ll1xSwkwC/Ro=
  
  function-bind@^1.1.1:
    version "1.1.1"
    resolved "https://registry.npm.taobao.org/function-bind/download/function-bind-1.1.1.tgz#a56899d3ea3c9bab874bb9773b7c5ede92f4895d"
    integrity sha1-pWiZ0+o8m6uHS7l3O3xe3pL0iV0=
  
  generic-names@^2.0.1:
    version "2.0.1"
    resolved "https://registry.npm.taobao.org/generic-names/download/generic-names-2.0.1.tgz?cache=0&sync_timestamp=1603542269880&other_urls=https%3A%2F%2Fregistry.npm.taobao.org%2Fgeneric-names%2Fdownload%2Fgeneric-names-2.0.1.tgz#f8a378ead2ccaa7a34f0317b05554832ae41b872"
    integrity sha1-+KN46tLMqno08DF7BVVIMq5BuHI=
    dependencies:
      loader-utils "^1.1.0"
  
  gensync@^1.0.0-beta.2:
    version "1.0.0-beta.2"
    resolved "https://registry.npm.taobao.org/gensync/download/gensync-1.0.0-beta.2.tgz#32a6ee76c3d7f52d46b2b1ae5d93fea8580a25e0"
    integrity sha1-MqbudsPX9S1GsrGuXZP+qFgKJeA=
  
  get-intrinsic@^1.0.2:
    version "1.1.1"
    resolved "https://registry.nlark.com/get-intrinsic/download/get-intrinsic-1.1.1.tgz#15f59f376f855c446963948f0d24cd3637b4abc6"
    integrity sha1-FfWfN2+FXERpY5SPDSTNNje0q8Y=
    dependencies:
      function-bind "^1.1.1"
      has "^1.0.3"
      has-symbols "^1.0.1"
  
  globals@^11.1.0:
    version "11.12.0"
    resolved "https://registry.nlark.com/globals/download/globals-11.12.0.tgz#ab8795338868a0babd8525758018c2a7eb95c42e"
    integrity sha1-q4eVM4hooLq9hSV1gBjCp+uVxC4=
  
  has-flag@^3.0.0:
    version "3.0.0"
    resolved "https://registry.npm.taobao.org/has-flag/download/has-flag-3.0.0.tgz#b5d454dc2199ae225699f3467e5a07f3b955bafd"
    integrity sha1-tdRU3CGZriJWmfNGfloH87lVuv0=
  
  has-symbols@^1.0.1:
    version "1.0.2"
    resolved "https://registry.nlark.com/has-symbols/download/has-symbols-1.0.2.tgz#165d3070c00309752a1236a479331e3ac56f1423"
    integrity sha1-Fl0wcMADCXUqEjakeTMeOsVvFCM=
  
  has@^1.0.3:
    version "1.0.3"
    resolved "https://registry.npm.taobao.org/has/download/has-1.0.3.tgz#722d7cbfc1f6aa8241f16dd814e011e1f41e8796"
    integrity sha1-ci18v8H2qoJB8W3YFOAR4fQeh5Y=
    dependencies:
      function-bind "^1.1.1"
  
  hash-sum@^2.0.0:
    version "2.0.0"
    resolved "https://registry.npm.taobao.org/hash-sum/download/hash-sum-2.0.0.tgz#81d01bb5de8ea4a214ad5d6ead1b523460b0b45a"
    integrity sha1-gdAbtd6OpKIUrV1urRtSNGCwtFo=
  
  html-tags@^3.1.0:
    version "3.1.0"
    resolved "https://registry.npm.taobao.org/html-tags/download/html-tags-3.1.0.tgz#7b5e6f7e665e9fb41f30007ed9e0d41e97fb2140"
    integrity sha1-e15vfmZen7QfMAB+2eDUHpf7IUA=
  
  icss-replace-symbols@^1.1.0:
    version "1.1.0"
    resolved "https://registry.npm.taobao.org/icss-replace-symbols/download/icss-replace-symbols-1.1.0.tgz#06ea6f83679a7749e386cfe1fe812ae5db223ded"
    integrity sha1-Bupvg2ead0njhs/h/oEq5dsiPe0=
  
  icss-utils@^5.0.0:
    version "5.1.0"
    resolved "https://registry.npm.taobao.org/icss-utils/download/icss-utils-5.1.0.tgz?cache=0&sync_timestamp=1605801291394&other_urls=https%3A%2F%2Fregistry.npm.taobao.org%2Ficss-utils%2Fdownload%2Ficss-utils-5.1.0.tgz#c6be6858abd013d768e98366ae47e25d5887b1ae"
    integrity sha1-xr5oWKvQE9do6YNmrkfiXViHsa4=
  
  is-core-module@^2.2.0:
    version "2.4.0"
    resolved "https://registry.nlark.com/is-core-module/download/is-core-module-2.4.0.tgz?cache=0&other_urls=https%3A%2F%2Fregistry.nlark.com%2Fis-core-module%2Fdownload%2Fis-core-module-2.4.0.tgz#8e9fc8e15027b011418026e98f0e6f4d86305cc1"
    integrity sha1-jp/I4VAnsBFBgCbpjw5vTYYwXME=
    dependencies:
      has "^1.0.3"
  
  js-md5@^0.7.3:
    version "0.7.3"
    resolved "https://registry.nlark.com/js-md5/download/js-md5-0.7.3.tgz#b4f2fbb0b327455f598d6727e38ec272cd09c3f2"
    integrity sha1-tPL7sLMnRV9ZjWcn447Ccs0Jw/I=
  
  js-tokens@^4.0.0:
    version "4.0.0"
    resolved "https://registry.nlark.com/js-tokens/download/js-tokens-4.0.0.tgz?cache=0&sync_timestamp=1619345098261&other_urls=https%3A%2F%2Fregistry.nlark.com%2Fjs-tokens%2Fdownload%2Fjs-tokens-4.0.0.tgz#19203fb59991df98e3a287050d4647cdeaf32499"
    integrity sha1-GSA/tZmR35jjoocFDUZHzerzJJk=
  
  jsesc@^2.5.1:
    version "2.5.2"
    resolved "https://registry.nlark.com/jsesc/download/jsesc-2.5.2.tgz#80564d2e483dacf6e8ef209650a67df3f0c283a4"
    integrity sha1-gFZNLkg9rPbo7yCWUKZ98/DCg6Q=
  
  json5@^1.0.1:
    version "1.0.1"
    resolved "https://registry.npm.taobao.org/json5/download/json5-1.0.1.tgz#779fb0018604fa854eacbf6252180d83543e3dbe"
    integrity sha1-d5+wAYYE+oVOrL9iUhgNg1Q+Pb4=
    dependencies:
      minimist "^1.2.0"
  
  json5@^2.1.2:
    version "2.2.0"
    resolved "https://registry.npm.taobao.org/json5/download/json5-2.2.0.tgz#2dfefe720c6ba525d9ebd909950f0515316c89a3"
    integrity sha1-Lf7+cgxrpSXZ69kJlQ8FFTFsiaM=
    dependencies:
      minimist "^1.2.5"
  
  loader-utils@^1.1.0:
    version "1.4.0"
    resolved "https://registry.nlark.com/loader-utils/download/loader-utils-1.4.0.tgz?cache=0&sync_timestamp=1618846812625&other_urls=https%3A%2F%2Fregistry.nlark.com%2Floader-utils%2Fdownload%2Floader-utils-1.4.0.tgz#c579b5e34cb34b1a74edc6c1fb36bfa371d5a613"
    integrity sha1-xXm140yzSxp07cbB+za/o3HVphM=
    dependencies:
      big.js "^5.2.2"
      emojis-list "^3.0.0"
      json5 "^1.0.1"
  
  lodash.camelcase@^4.3.0:
    version "4.3.0"
    resolved "https://registry.npm.taobao.org/lodash.camelcase/download/lodash.camelcase-4.3.0.tgz#b28aa6288a2b9fc651035c7711f65ab6190331a6"
    integrity sha1-soqmKIorn8ZRA1x3EfZathkDMaY=
  
  lodash@^4.17.20:
    version "4.17.21"
    resolved "https://registry.nlark.com/lodash/download/lodash-4.17.21.tgz#679591c564c3bffaae8454cf0b3df370c3d6911c"
    integrity sha1-Z5WRxWTDv/quhFTPCz3zcMPWkRw=
  
  lru-cache@^5.1.1:
    version "5.1.1"
    resolved "https://registry.nlark.com/lru-cache/download/lru-cache-5.1.1.tgz#1da27e6710271947695daf6848e847f01d84b920"
    integrity sha1-HaJ+ZxAnGUdpXa9oSOhH8B2EuSA=
    dependencies:
      yallist "^3.0.2"
  
  magic-string@^0.25.7:
    version "0.25.7"
    resolved "https://registry.nlark.com/magic-string/download/magic-string-0.25.7.tgz?cache=0&sync_timestamp=1618847046304&other_urls=https%3A%2F%2Fregistry.nlark.com%2Fmagic-string%2Fdownload%2Fmagic-string-0.25.7.tgz#3f497d6fd34c669c6798dcb821f2ef31f5445051"
    integrity sha1-P0l9b9NMZpxnmNy4IfLvMfVEUFE=
    dependencies:
      sourcemap-codec "^1.4.4"
  
  merge-source-map@^1.1.0:
    version "1.1.0"
    resolved "https://registry.nlark.com/merge-source-map/download/merge-source-map-1.1.0.tgz#2fdde7e6020939f70906a68f2d7ae685e4c8c646"
    integrity sha1-L93n5gIJOfcJBqaPLXrmheTIxkY=
    dependencies:
      source-map "^0.6.1"
  
  minimist@^1.2.0, minimist@^1.2.5:
    version "1.2.5"
    resolved "https://registry.nlark.com/minimist/download/minimist-1.2.5.tgz?cache=0&sync_timestamp=1618847017774&other_urls=https%3A%2F%2Fregistry.nlark.com%2Fminimist%2Fdownload%2Fminimist-1.2.5.tgz#67d66014b66a6a8aaa0c083c5fd58df4e4e97602"
    integrity sha1-Z9ZgFLZqaoqqDAg8X9WN9OTpdgI=
  
  mitt@^2.1.0:
    version "2.1.0"
    resolved "https://registry.npm.taobao.org/mitt/download/mitt-2.1.0.tgz#f740577c23176c6205b121b2973514eade1b2230"
    integrity sha1-90BXfCMXbGIFsSGylzUU6t4bIjA=
  
  ms@2.1.2:
    version "2.1.2"
    resolved "https://registry.nlark.com/ms/download/ms-2.1.2.tgz#d09d1f357b443f493382a8eb3ccd183872ae6009"
    integrity sha1-0J0fNXtEP0kzgqjrPM0YOHKuYAk=
  
  nanoid@^3.1.23:
    version "3.1.23"
    resolved "https://registry.nlark.com/nanoid/download/nanoid-3.1.23.tgz#f744086ce7c2bc47ee0a8472574d5c78e4183a81"
    integrity sha1-90QIbOfCvEfuCoRyV01ceOQYOoE=
  
  node-releases@^1.1.71:
    version "1.1.73"
    resolved "https://registry.nlark.com/node-releases/download/node-releases-1.1.73.tgz?cache=0&other_urls=https%3A%2F%2Fregistry.nlark.com%2Fnode-releases%2Fdownload%2Fnode-releases-1.1.73.tgz#dd4e81ddd5277ff846b80b52bb40c49edf7a7b20"
    integrity sha1-3U6B3dUnf/hGuAtSu0DEnt96eyA=
  
  normalize-wheel@^1.0.1:
    version "1.0.1"
    resolved "https://registry.npm.taobao.org/normalize-wheel/download/normalize-wheel-1.0.1.tgz#aec886affdb045070d856447df62ecf86146ec45"
    integrity sha1-rsiGr/2wRQcNhWRH32Ls+GFG7EU=
  
  object-inspect@^1.9.0:
    version "1.10.3"
    resolved "https://registry.nlark.com/object-inspect/download/object-inspect-1.10.3.tgz#c2aa7d2d09f50c99375704f7a0adf24c5782d369"
    integrity sha1-wqp9LQn1DJk3VwT3oK3yTFeC02k=
  
  path-parse@^1.0.6:
    version "1.0.7"
    resolved "https://registry.nlark.com/path-parse/download/path-parse-1.0.7.tgz#fbc114b60ca42b30d9daf5858e4bd68bbedb6735"
    integrity sha1-+8EUtgykKzDZ2vWFjkvWi77bZzU=
  
  picomatch@^2.2.2:
    version "2.3.0"
    resolved "https://registry.nlark.com/picomatch/download/picomatch-2.3.0.tgz?cache=0&sync_timestamp=1621648246651&other_urls=https%3A%2F%2Fregistry.nlark.com%2Fpicomatch%2Fdownload%2Fpicomatch-2.3.0.tgz#f1f061de8f6a4bf022892e2d128234fb98302972"
    integrity sha1-8fBh3o9qS/AiiS4tEoI0+5gwKXI=
  
  postcss-modules-extract-imports@^3.0.0:
    version "3.0.0"
    resolved "https://registry.npm.taobao.org/postcss-modules-extract-imports/download/postcss-modules-extract-imports-3.0.0.tgz?cache=0&sync_timestamp=1602588245463&other_urls=https%3A%2F%2Fregistry.npm.taobao.org%2Fpostcss-modules-extract-imports%2Fdownload%2Fpostcss-modules-extract-imports-3.0.0.tgz#cda1f047c0ae80c97dbe28c3e76a43b88025741d"
    integrity sha1-zaHwR8CugMl9vijD52pDuIAldB0=
  
  postcss-modules-local-by-default@^4.0.0:
    version "4.0.0"
    resolved "https://registry.nlark.com/postcss-modules-local-by-default/download/postcss-modules-local-by-default-4.0.0.tgz#ebbb54fae1598eecfdf691a02b3ff3b390a5a51c"
    integrity sha1-67tU+uFZjuz99pGgKz/zs5ClpRw=
    dependencies:
      icss-utils "^5.0.0"
      postcss-selector-parser "^6.0.2"
      postcss-value-parser "^4.1.0"
  
  postcss-modules-scope@^3.0.0:
    version "3.0.0"
    resolved "https://registry.npm.taobao.org/postcss-modules-scope/download/postcss-modules-scope-3.0.0.tgz#9ef3151456d3bbfa120ca44898dfca6f2fa01f06"
    integrity sha1-nvMVFFbTu/oSDKRImN/Kby+gHwY=
    dependencies:
      postcss-selector-parser "^6.0.4"
  
  postcss-modules-values@^4.0.0:
    version "4.0.0"
    resolved "https://registry.nlark.com/postcss-modules-values/download/postcss-modules-values-4.0.0.tgz#d7c5e7e68c3bb3c9b27cbf48ca0bb3ffb4602c9c"
    integrity sha1-18Xn5ow7s8myfL9Iyguz/7RgLJw=
    dependencies:
      icss-utils "^5.0.0"
  
  postcss-modules@^4.0.0:
    version "4.1.3"
    resolved "https://registry.nlark.com/postcss-modules/download/postcss-modules-4.1.3.tgz#c4c4c41d98d97d24c70e88dacfc97af5a4b3e21d"
    integrity sha1-xMTEHZjZfSTHDojaz8l69aSz4h0=
    dependencies:
      generic-names "^2.0.1"
      icss-replace-symbols "^1.1.0"
      lodash.camelcase "^4.3.0"
      postcss-modules-extract-imports "^3.0.0"
      postcss-modules-local-by-default "^4.0.0"
      postcss-modules-scope "^3.0.0"
      postcss-modules-values "^4.0.0"
      string-hash "^1.1.1"
  
  postcss-selector-parser@^6.0.2, postcss-selector-parser@^6.0.4:
    version "6.0.6"
    resolved "https://registry.nlark.com/postcss-selector-parser/download/postcss-selector-parser-6.0.6.tgz?cache=0&sync_timestamp=1620752939806&other_urls=https%3A%2F%2Fregistry.nlark.com%2Fpostcss-selector-parser%2Fdownload%2Fpostcss-selector-parser-6.0.6.tgz#2c5bba8174ac2f6981ab631a42ab0ee54af332ea"
    integrity sha1-LFu6gXSsL2mBq2MaQqsO5UrzMuo=
    dependencies:
      cssesc "^3.0.0"
      util-deprecate "^1.0.2"
  
  postcss-value-parser@^4.1.0:
    version "4.1.0"
    resolved "https://registry.nlark.com/postcss-value-parser/download/postcss-value-parser-4.1.0.tgz?cache=0&other_urls=https%3A%2F%2Fregistry.nlark.com%2Fpostcss-value-parser%2Fdownload%2Fpostcss-value-parser-4.1.0.tgz#443f6a20ced6481a2bda4fa8532a6e55d789a2cb"
    integrity sha1-RD9qIM7WSBor2k+oUypuVdeJoss=
  
  postcss@^8.1.10, postcss@^8.3.0:
    version "8.3.4"
    resolved "https://registry.nlark.com/postcss/download/postcss-8.3.4.tgz#41ece1c43f2f7c74dc7d90144047ce052757b822"
    integrity sha1-QezhxD8vfHTcfZAUQEfOBSdXuCI=
    dependencies:
      colorette "^1.2.2"
      nanoid "^3.1.23"
      source-map-js "^0.6.2"
  
  qs@^6.10.1:
    version "6.10.1"
    resolved "https://registry.nlark.com/qs/download/qs-6.10.1.tgz#4931482fa8d647a5aab799c5271d2133b981fb6a"
    integrity sha1-STFIL6jWR6Wqt5nFJx0hM7mB+2o=
    dependencies:
      side-channel "^1.0.4"
  
  resize-observer-polyfill@^1.5.1:
    version "1.5.1"
    resolved "https://registry.npm.taobao.org/resize-observer-polyfill/download/resize-observer-polyfill-1.5.1.tgz#0e9020dd3d21024458d4ebd27e23e40269810464"
    integrity sha1-DpAg3T0hAkRY1OvSfiPkAmmBBGQ=
  
  resolve@^1.19.0:
    version "1.20.0"
    resolved "https://registry.nlark.com/resolve/download/resolve-1.20.0.tgz#629a013fb3f70755d6f0b7935cc1c2c5378b1975"
    integrity sha1-YpoBP7P3B1XW8LeTXMHCxTeLGXU=
    dependencies:
      is-core-module "^2.2.0"
      path-parse "^1.0.6"
  
  rollup@^2.38.5:
    version "2.51.2"
    resolved "https://registry.nlark.com/rollup/download/rollup-2.51.2.tgz#6de71e28c833089a0bd745a09671a3e2b92af6b7"
    integrity sha1-beceKMgzCJoL10WglnGj4rkq9rc=
    optionalDependencies:
      fsevents "~2.3.1"
  
  safe-buffer@~5.1.1:
    version "5.1.2"
    resolved "https://registry.npm.taobao.org/safe-buffer/download/safe-buffer-5.1.2.tgz#991ec69d296e0313747d59bdfd2b745c35f8828d"
    integrity sha1-mR7GnSluAxN0fVm9/St0XDX4go0=
  
  semver@^6.3.0:
    version "6.3.0"
    resolved "https://registry.nlark.com/semver/download/semver-6.3.0.tgz?cache=0&sync_timestamp=1618847119601&other_urls=https%3A%2F%2Fregistry.nlark.com%2Fsemver%2Fdownload%2Fsemver-6.3.0.tgz#ee0a64c8af5e8ceea67687b133761e1becbd1d3d"
    integrity sha1-7gpkyK9ejO6mdoexM3YeG+y9HT0=
  
  side-channel@^1.0.4:
    version "1.0.4"
    resolved "https://registry.nlark.com/side-channel/download/side-channel-1.0.4.tgz#efce5c8fdc104ee751b25c58d4290011fa5ea2cf"
    integrity sha1-785cj9wQTudRslxY1CkAEfpeos8=
    dependencies:
      call-bind "^1.0.0"
      get-intrinsic "^1.0.2"
      object-inspect "^1.9.0"
  
  source-map-js@^0.6.2:
    version "0.6.2"
    resolved "https://registry.npm.taobao.org/source-map-js/download/source-map-js-0.6.2.tgz#0bb5de631b41cfbda6cfba8bd05a80efdfd2385e"
    integrity sha1-C7XeYxtBz72mz7qL0FqA79/SOF4=
  
  source-map@^0.5.0:
    version "0.5.7"
    resolved "https://registry.nlark.com/source-map/download/source-map-0.5.7.tgz#8a039d2d1021d22d1ea14c80d8ea468ba2ef3fcc"
    integrity sha1-igOdLRAh0i0eoUyA2OpGi6LvP8w=
  
  source-map@^0.6.1:
    version "0.6.1"
    resolved "https://registry.nlark.com/source-map/download/source-map-0.6.1.tgz#74722af32e9614e9c287a8d0bbde48b5e2f1a263"
    integrity sha1-dHIq8y6WFOnCh6jQu95IteLxomM=
  
  sourcemap-codec@^1.4.4:
    version "1.4.8"
    resolved "https://registry.nlark.com/sourcemap-codec/download/sourcemap-codec-1.4.8.tgz#ea804bd94857402e6992d05a38ef1ae35a9ab4c4"
    integrity sha1-6oBL2UhXQC5pktBaOO8a41qatMQ=
  
  string-hash@^1.1.1:
    version "1.1.3"
    resolved "https://registry.nlark.com/string-hash/download/string-hash-1.1.3.tgz?cache=0&sync_timestamp=1618847134046&other_urls=https%3A%2F%2Fregistry.nlark.com%2Fstring-hash%2Fdownload%2Fstring-hash-1.1.3.tgz#e8aafc0ac1855b4666929ed7dd1275df5d6c811b"
    integrity sha1-6Kr8CsGFW0Zmkp7X3RJ1311sgRs=
  
  supports-color@^5.3.0:
    version "5.5.0"
    resolved "https://registry.nlark.com/supports-color/download/supports-color-5.5.0.tgz?cache=0&sync_timestamp=1622293670728&other_urls=https%3A%2F%2Fregistry.nlark.com%2Fsupports-color%2Fdownload%2Fsupports-color-5.5.0.tgz#e2e69a44ac8772f78a1ec0b35b689df6530efc8f"
    integrity sha1-4uaaRKyHcveKHsCzW2id9lMO/I8=
    dependencies:
      has-flag "^3.0.0"
  
  svg-tags@^1.0.0:
    version "1.0.0"
    resolved "https://registry.nlark.com/svg-tags/download/svg-tags-1.0.0.tgz#58f71cee3bd519b59d4b2a843b6c7de64ac04764"
    integrity sha1-WPcc7jvVGbWdSyqEO2x95krAR2Q=
  
  tim-js-sdk@^2.11.0:
    version "2.11.0"
    resolved "https://registry.nlark.com/tim-js-sdk/download/tim-js-sdk-2.11.0.tgz#dcc1a3728251e4bb593fd4cd17c45c1d728041e1"
    integrity sha1-3MGjcoJR5LtZP9TNF8RcHXKAQeE=
  
  to-fast-properties@^2.0.0:
    version "2.0.0"
    resolved "https://registry.nlark.com/to-fast-properties/download/to-fast-properties-2.0.0.tgz#dc5e698cbd079265bc73e0377681a4e4e83f616e"
    integrity sha1-3F5pjL0HkmW8c+A3doGk5Og/YW4=
  
  util-deprecate@^1.0.2:
    version "1.0.2"
    resolved "https://registry.nlark.com/util-deprecate/download/util-deprecate-1.0.2.tgz#450d4dc9fa70de732762fbd2d4a28981419a0ccf"
    integrity sha1-RQ1Nyfpw3nMnYvvS1KKJgUGaDM8=
  
  vite@^2.3.7:
    version "2.3.7"
    resolved "https://registry.nlark.com/vite/download/vite-2.3.7.tgz?cache=0&sync_timestamp=1623136852238&other_urls=https%3A%2F%2Fregistry.nlark.com%2Fvite%2Fdownload%2Fvite-2.3.7.tgz#3023892419367465e1af1739578f8663d04243b2"
    integrity sha1-MCOJJBk2dGXhrxc5V4+GY9BCQ7I=
    dependencies:
      esbuild "^0.12.5"
      postcss "^8.3.0"
      resolve "^1.19.0"
      rollup "^2.38.5"
    optionalDependencies:
      fsevents "~2.3.1"
  
  vue-router@^4.0.8:
    version "4.0.8"
    resolved "https://registry.nlark.com/vue-router/download/vue-router-4.0.8.tgz?cache=0&sync_timestamp=1620899536020&other_urls=https%3A%2F%2Fregistry.nlark.com%2Fvue-router%2Fdownload%2Fvue-router-4.0.8.tgz#55d4290a3122444edbc91a3cd2492bb1d0cef494"
    integrity sha1-VdQpCjEiRE7byRo80kkrsdDO9JQ=
    dependencies:
      "@vue/devtools-api" "^6.0.0-beta.10"
  
  vue@^3.0.5:
    version "3.1.1"
    resolved "https://registry.nlark.com/vue/download/vue-3.1.1.tgz#9ad655758a0fa6c0dee5b3d2431d3912a9b381aa"
    integrity sha1-mtZVdYoPpsDe5bPSQx05Eqmzgao=
    dependencies:
      "@vue/compiler-dom" "3.1.1"
      "@vue/runtime-dom" "3.1.1"
      "@vue/shared" "3.1.1"
  
  vuex@^4.0.1:
    version "4.0.1"
    resolved "https://registry.nlark.com/vuex/download/vuex-4.0.1.tgz#e83c541d6f31173969efabb2c5d1c465b682887e"
    integrity sha1-6DxUHW8xFzlp76uyxdHEZbaCiH4=
    dependencies:
      "@vue/devtools-api" "^6.0.0-beta.11"
  
  whatwg-fetch@^3.6.2:
    version "3.6.2"
    resolved "https://registry.npm.taobao.org/whatwg-fetch/download/whatwg-fetch-3.6.2.tgz?cache=0&sync_timestamp=1614452314097&other_urls=https%3A%2F%2Fregistry.npm.taobao.org%2Fwhatwg-fetch%2Fdownload%2Fwhatwg-fetch-3.6.2.tgz#dced24f37f2624ed0281725d51d0e2e3fe677f8c"
    integrity sha1-3O0k838mJO0CgXJdUdDi4/5nf4w=
  
  yallist@^3.0.2:
    version "3.1.1"
    resolved "https://registry.npm.taobao.org/yallist/download/yallist-3.1.1.tgz#dbb7daf9bfd8bac9ab45ebf602b8cbad0d5d08fd"
    integrity sha1-27fa+b/YusmrRev2ArjLrQ1dCP0=
